<?xml version="1.0" encoding="UTF-8"?>
<testsuite name="Cucumber" time="0.18" tests="2" skipped="0" failures="0" errors="0">
<testcase classname="feature to test login functionality" name="Check login is successful with valid credentials" time="0.02">
<system-out><![CDATA[
Given user is on login page.................................................passed
When user enters username and password......................................passed
And clicks on login button..................................................passed
Then user is navigated to the home page.....................................passed
]]></system-out>
</testcase>
<testcase classname="feature to test login functionality" name="Check login with invalid credentials" time="0.002">
<system-out><![CDATA[
Given user is on login page.................................................passed
When user enters invalid username and password..............................passed
And clicks on login button..................................................passed
Then error message is displayed - Invalid Credentials.......................passed
]]></system-out>
</testcase>
</testsuite>
